# Task 1.1
1  mkdir ws56
2  cd ws56
3  gdown 1fc3saVu2GtG3Rft3zI-VOOsZhaqcSyn3
4  more 2019-01-h1.csv 
5  sed -n '/^2\.0,/p' 2019-01-h1.csv > vendor2.csv
6  wc vendor2.csv

# Task 1.2
1  sed 's/[:"-]//g' 2019-01-h1.csv > no-separators.csv

# Task 1.3
1  sed 's/\([0-9]\+\)\.[0-9]\+/\1/g' no-separators.csv > no-fractions.csv
  476  cat README.md 
  477  cat hello.txt 
  478  git add hello.txt 
  479  ls
  480  git status
  481  git reset --hard
  482  ls
  483  touch a.txt
  484  touch b.txt
  485  ls
  486  git reset --hard
  487  ls
  488  git add .
  489  git status
  490  git reset --hard
  491  ls
  492  cd ~
  493  ls
  494  cd cs131
  495  ls
  496  git log
  497  git config format.pretty "format:%h %ad %s" --replace-all
  498  git log
  499  ls
  500  ls -a
  501  cd .git
  502  ls
  503  cat config
  504  vim config
  505  cat config
  506  rm config 
  507  ls
  508  git log
  509  ls
  510  git config format.pretty "format:%h %ad %s" --replace-all
  511  ls
  512  cat config
  513  git pull
  514  cd ~
  515  ls
  516  rm -r cs131
  517  ls
  518  cd cs131/
  519  ls
  520  ls -a
  521  cd .git/
  522  ls
  523  cd obj
  524  cd objects/
  525  ls
  526  cd ~
  527  ls
  528  rm -rf cs131/
  529  ls
  530  git clone https://github.com/StrawberryStego/cs131
  531  ls
  532  cd cs131/
  533  ls
  534  ls -
  535  ls -a
  536  cd .git/
  537  ls
  538  cat config
  539  git config format.pretty "format:%h %ad %s" --replace-all
  540  git log
  541  git pull
  542  cd ..
  543  ls
  544  git pull
  545  git branch -a
  546  ls
  547  git checkout -b readme_change
  548  vim README.md 
  549  cat README.md 
  550  git add .
  551  ls
  552  git commit 
  553  git commit -m Added sample message
  554  git commit -m "Added sample message"
  555  ls
  556  git status
  557  cat README.md 
  558  git checkout main
  559  git checkout master
  560  ls
  561  cat README.md 
  562  vim README.md 
  563  ls
  564  cat README.md 
  565  git add .
  566  git commit -m "Changed master"
  567  ls
  568  git branch -a
  569  git checkout readme_change
  570  ls
  571  git merge main
  572  git merge master
  573  git mergetool
  574  git status
  575  ;s
  576  ls
  577  cat README.md
  578  cat README.md.orig 
  579  git branch -a
  580  git log
  581  git reset --soft
  582  git merge --abort
  583  ls
  584  git status
  585  git rm README.md.orig
  586  git rm README.md.orig 
  587  git reset --hard
  588  ls
  589  git add .
  590  git reset --hard
  591  ls
  592  cat README.md 
  593  git merge master
  594  mergetool
  595  git mergetool meld
  596  git status
  597  git mergetool
  598  apt install python3-pip
  599  sudo apt install python3-pip
  600  pip install gdown
  601  gdown 1fc3saVu2GtG3Rft3zI-VOOsZhaqcSyn3
  602  /home/<user-name>/.local/bin/gdown 1fc3saVu2GtG3Rft3zI-VOOsZhaqcSyn3
  603  /home/jimmy_nguyen05@stego-2/.local/bin/gdown 1fc3saVu2GtG3Rft3zI-VOOsZhaqcSyn3
  604  ls
  605  cd ..
  606  ls
  607  /home/jimmy_nguyen05/.local/bin/gdown 1fc3saVu2GtG3Rft3zI-VOOsZhaqcSyn3
  608  sudo /home/jimmy_nguyen05/.local/bin/gdown 1fc3saVu2GtG3Rft3zI-VOOsZhaqcSyn3
  609  /home/jimmy_nguyen05/.local/bin/gdown 
  610  /home/jimmy_nguyen05/.local/bin/gdown 1fc3saVu2GtG3Rft3zI-VOOsZhaqcSyn3
  611  /home/jimmy_nguyen05/.local/bin/gdown 
  612  /home/jimmy_nguyen05/.local/bin/gdown https://drive.google.com/uc?id=1fc3saVu2GtG3Rft3zI-VOOsZhaqcSyn3
  613  /home/jimmy_nguyen05/.local/bin/gdown https://drive.google.com/file/d/1xZDdAI1KpyjafpUfqgDNiJgLXiW7_raa/view?usp=sharing
  614  /home/jimmy_nguyen05/.local/bin/gdown https://drive.google.com/file/d/1xZDdAI1KpyjafpUfqgDNiJgLXiW7_raa/view?usp=sharing --fuzzy
  615  pip install --upgrade gdown
  616  ;s
  617  ls
  618  cd jimmy_nguyen05/
  619  ls
  620  ls -a
  621  cd .local
  622  ls
  623  cd bin
  624  ls
  625  tqdm
  626  gdown
  627  cd gdown
  628  cat gdown
  629  gdown
  630  cd ..
  631  cd ~
  632  cd cs131/
  633  ;s
  634  ls
  635  gdown
  636  gdown
  637  gdown 1fc3saVu2GtG3Rft3zI-VOOsZhaqcSyn3
  638  ls
  639  rm 2019-01-h1.csv 
  640  ks
  641  ls
  642  cd cs131/
  643  mkdir ws3
  644  ls
  645  cd ws3
  646  gdown 1fc3saVu2GtG3Rft3zI-VOOsZhaqcSyn3
  647  ls
  648  cat 2019-01-h1.csv 
  649  clear
  650  ls
  651  grep "2019-01-02" 2019-01-h1.csv | cut -d"," -f8 | sort | uniq -c | sort -nr | head -3 > ws3.txt 
  652  grep "2019-01-10" 2019-01-h1.csv | cut -d"," -f8 | sort | uniq -c | sort -nr | head -3 >> ws3.txt 
  653  history > cmds.log 
  654  vim cmds.log 
  655  vim ws3.txt 
  656  git status
  657  rm 2019-01-h1.csv 
  658  git add .
  659  git commit -m "Fixed bug with WS3... Needed an extra 'sort'"
  660  git push
  661  jobs
  662  ls
  663  ls -a
  664  cd cs131
  665  ls
  666  cd sample
  667  ls
  668  cat long.sh
  669  cat result.txt
  670  clear
  671  ls
  672  cat sample.txt
  673  bash
  674  bash long.sh
  675  sh long.ash
  676  sh long.sh
  677  clear
  678  bash long.sh > sample.txt
  679  bash long.sh > sample.txt ?
  680  ls
  681  cat sample.txt
  682  jobs
  683  bg 
  684  bg bash long.sh > sample.txt
  685  bash long.sh > sample.txt &
  686  jobs
  687  fg %1
  688  kill 1541
  689  jobs
  690  ps
  691  man jobs
  692  kill 1541
  693  jobs
  694  kill %1
  695  jobs
  696  kill %1
  697  jobs
  698  ps -ef
  699  man ps
  700  ls
  701  clear
  702  ls
  703  bash long.sh > sample.txt
  704  bash long.sh > sample.txt &
  705  disown 2017
  706  jobs
  707  cat sample.txt
  708  ps 
  709  kill 2017
  710  ps
  711  cat sample.txt
  712  man kill
  713  kill -l
  714  list
  715  cd ..
  716  git hist
  717  hist
  718  git log
  719  clear
  720  crontab -e
  721  cs
  722  cl
  723  cd
  724  ls
  725  cd cs131
  726  ls
  727  crontab -e
  728  ls
  729  cat testing.txt
  730  crontab -e
  731  ls
  732  l
  733  sl
  734  s
  735  ls
  736  clear
  737  ls
  738  cat testing.txt
  739  rm testing.txt
  740  ls
  741  crontab -e
  742  ls
  743  cat
  744  ls
  745  l
  746  s
  747  ls
  748  crontab -e
  749  ls
  750  cd cs131/
  751  ls
  752  mkdir example
  753  cd example/
  754  ls
  755  nano example.sh
  756  ls
  757  sh example.sh 
  758  bash example.sh 
  759  nano example2.sh
  760  ls
  761  sh example2.sh
  762  rm example2.sh
  763  ls -l example.sh
  764  chmod 777 example.sh
  765  ls -l example.sh
  766  echo $PATH
  767  ls
  768  nano example.sh 
  769  sh example.sh 
  770  nano example.sh 
  771  sh example.sh 
  772  bash example.sh 
  773  nano example.sh 
  774  sh example.sh 
  775  bash example.sh 
  776  cat << EOF hiiiii EOF
  777  EOF
  778  ls
  779  nano example.sh 
  780  ls
  781  cat example.sh 
  782  sh example.sh 
  783  bash example.sh 
  784  df
  785  du
  786  ls -d
  787  cd ..
  788  ls -d example/
  789  ls -d example
  790  echo $
  791  ls
  792  echo $
  793  echo %
  794  echo $?
  795  aa
  796  echo $?
  797  false
  798  echo $?
  799  ls
  800  cd example
  801  ls
  802  example
  803  ./example
  804  ./example.sh 
  805  ls
  806  nano apple.sh
  807  ls
  808  sh apple.sh
  809  apple.sh
  810  ./apple.sh
  811  chmod 777 apple.sh 
  812  ./apple.sh
  813  ls
  814  rm apple.sh
  815  ls
  816  cd cs131
  817  ls
  818  cd example
  819  ls
  820  rm example.sh 
  821  nano example.sh
  822  sh example.sh 
  823  nano example.sh 
  824  sh example.sh 
  825  nano example.sh 
  826  sh example.sh 
  827  nano example.sh 
  828  sh example.sh 
  829  nano example.sh
  830  sh example.sh 
  831  nano
  832  nano example.sh 
  833  sh example.sh 
  834  nano example.sh 
  835  ls
  836  rm example.sh 
  837  nano example.sh
  838  sh example.sh 
  839  ls
  840  touch a.txt
  841  example.sh
  842  ./example.sh
  843  chmod 777 ./example.sh
  844  ./example.sh
  845  ./example.sh a.txt
  846  ls
  847  mkdir b
  848  ./example.sh b
  849  touch c.mp3
  850  ls
  851  ./example.sh c.mp3
  852  touch d
  853  ls
  854  ./example.sh d
  855  ls -l
  856  ls -a
  857  clear
  858  ls -a
  859  ./example.sh .
  860  ./example.sh aaaaaa
  861  nano example.sh 
  862  ls
  863  ./example.sh aaaaaa
  864  cat ./example.sh 
  865  man echo
  866  ls
  867  rm a.txt
  868  rm b
  869  rm -rf b
  870  ls
  871  rm c
  872  rm c.mp3
  873  rm d
  874  ls
  875  nano reader
  876  ls
  877  rename
  878  ls
  879  mv reader reader.sh
  880  ls
  881  ./reader.sh
  882  chmod 777 ./reader.sh
  883  ls
  884  ./reader.sh
  885  cat example.sh
  886  cat reader.sh
  887  nano reader.sh 
  888  ls
  889  ./reader.sh
  890  posit-param
  891  ls
  892  man posit-param
  893  posit-param *
  894  mkdir ws4
  895  cd ws4
  896  gdown 1fc3saVu2GtG3Rft3zI-VOOsZhaqcSyn3
  897  cat 2019-01-h1.csv 
  898  ls
  899  mkdir ws4
  900  cd ws4
  901  gdown 1fc3saVu2GtG3Rft3zI-VOOsZhaqcSyn3
  902  more 2019-01-h1.csv 
  903  ls
  904  nano reorg.sh
  905  ls
  906  reorg
  907  chmod 777 reorg.sh
  908  reorg.sh
  909  ./reorg.sh
  910  bash reorg.sh 
  911  nano reorg.sh
  912  bash reorg.sh 
  913  ls
  914  rm 2015-03-09-14:29:24:2-0.csv
  915  rm 2025-03-09-14:29:24:2-0.csv
  916  rm 2025-03-09-14:29:24-2.0.csv
  917  rm 2025-03-09-14:29:24-1.0.csv
  918  rm 2025-03-09-14:29:24-4.0.csv
  919  ls
  920  rm ws4.txt
  921  nano reorg.sh 
  922  bash reorg.sh 
  923  ls
  924  more 2025-03-09-14\:31\:09-2.0.csv 
  925  ls
  926  nano reorg.sh 
  927  rm 2025-03-09-14\:31\:09-2.0.csv 
  928  rm 2025-03-09-14\:31\:09-1.0.csv 
  929  rm 2025-03-09-14\:31\:09-4.0.csv 
  930  rm ws4.txt
  931  ls
  932  ls -l
  933  ls -a
  934  cat .gitignore 
  935  rm .gitignore
  936  ls
  937  ls -a
  938  bash reorg.sh 
  939  ls
  940  more 2025-03-09-14\:33\:07-2.0.csv 
  941  ls
  942  cat .gitignore
  943  cat ws4.txt
  944  wc 2025-03-09-14\:33\:07-2.0.csv 
  945  man wc
  946  wc -lw 2025-03-09-14\:33\:07-2.0.csv 
  947  ls
  948  nano reorg.sh 
  949  ls
  950  rm .gitignore 
  951  rm ws4.txt
  952  rm 2025-03-09-14\:33\:07-2.0.csv 
  953  rm 2025-03-09-14\:33\:07-1.0.csv 
  954  rm 2025-03-09-14\:33\:07-4.0.csv 
  955  ls
  956  bash reorg.sh 
  957  nano reorg.sh 
  958  ls
  959  cat .gitignore 
  960  cat ws4.txt 
  961  nano ws4.txt 
  962  cat ws4.txt 
  963  ls
  964  git add .
  965  git status
  966  git reset --mixed
  967  ls
  968  rm 2019-01-h1.csv 
  969  ls
  970  git status
  971  git add .
  972  git status
  973  git commit
  974  git push
  975  ls
  976  cd cs131
  977  ls
  978  git status
  979  git pull
  980  ls
  981  cd cs131/
  982  ;s
  983  ls
  984  git status
  985  mkdir a2
  986  cs a2
  987  cd a2
  988  nano tv_renamer.sh
  989  ls
  990  nano tv_renamer.sh 
  991  ls
  992  nano tv_renamer.sh 
  993  ls
  994  ./tv_renamer.sh
  995  chmod ./tv_renamer.sh 777
  996  chmod 777 ./tv_renamer.sh
  997  ./tv_renamer.sh 
  998  nano tv_renamer.sh 
  999  ./tv_renamer.sh 
 1000  ls
 1001  cd..
 1002  cd ..
 1003  ls
 1004  cd ..
 1005  ls
 1006  cd ..
 1007  ls
 1008  cd usr
 1009  cd local
 1010  cd bin
 1011  ls
 1012  cd ~
 1013  ls
 1014  cd -l
 1015  ls -a
 1016  cat .bashrc
 1017  ls
 1018  ls -a
 1019  cat .profile
 1020  export PATH="$HOME/cs131/a2:$PATH"
 1021  ls
 1022  cd cs131/
 1023  mkdir example
 1024  cd example
 1025  ls
 1026  tv_renamer.sh 
 1027  ls
 1028  cd ..
 1029  rm -rf example
 1030  ls
 1031  git status
 1032  cd a2
 1033  ls
 1034  git add .
 1035  git status
 1036  git commit
 1037  git push
 1038  man tv_renamer
 1039  tv_renamer
 1040  man tv_renamer.sh
 1041  ls
 1042  mkdir example
 1043  ls
 1044  cd example
 1045  ls
 1046  touch "Chernobyl.S01E01.1.23.45.2160p.DTS-HD.MA.5.1.DV.HEVC.REMUX-FraMeSToR.mkv"
 1047  ls
 1048  touch "Chernobyl.S01E02.Please.Remain.Calm.2160p.DTS-HD.MA.5.1.DV.HEVC.REMUX-FraMeSToR.mkv"
 1049  ls
 1050  touch "Chernobyl.S01E03.Open.Wide.O.Earth.2160p.DTS-HD.MA.5.1.DV.HEVC.REMUX-FraMeSToR.mkv"
 1051  ls
 1052  touch "Chernobyl.S01E04.The.Happiness.of.All.Mankind.2160p.DTS-HD.MA.5.1.DV.HEVC.REMUX-FraMeSToR.mkv"
 1053  ls
 1054  touch "Chernobyl.S01E05.Vichnaya.Pamyat.2160p.DTS-HD.MA.5.1.DV.HEVC.REMUX-FraMeSToR.mkv"
 1055  ls
 1056  cat Chernobyl.S01E01.1.23.45.2160p.DTS-HD.MA.5.1.DV.HEVC.REMUX-FraMeSToR.mkv 
 1057  ls
 1058  tv_renamer.sh 
 1059  ls
 1060  cd ..
 1061  ls
 1062  nano tv_renamer.sh 
 1063  ls
 1064  cd example/
 1065  tv_renamer.sh 
 1066  cd ..
 1067  nano tv_renamer.sh 
 1068  ls
 1069  cd example/
 1070  tv_renamer.sh 
 1071  cd ..
 1072  nano tv_renamer.sh 
 1073  ls
 1074  cd example/
 1075  tv_renamer.sh 
 1076  nano ../tv_renamer.sh 
 1077  tv_renamer.sh 
 1078  nano ../tv_renamer.sh 
 1079  ls
 1080  tv_renamer.sh 
 1081  nano ../tv_renamer.sh 
 1082  tv_renamer.sh 
 1083  nano ../tv_renamer.sh 
 1084  tv_renamer.sh 
 1085  nano ../tv_renamer.sh 
 1086  tv_renamer.sh 
 1087  nano ../tv_renamer.sh 
 1088  ls
 1089  cat ../tv_renamer.sh 
 1090  nano ../tv_renamer.sh 
 1091  ls
 1092  tv_renamer.sh 
 1093  mkdir hiiii
 1094  ls
 1095  tv_renamer.sh 
 1096  nano ../tv_renamer.sh 
 1097  ls
 1098  cat ../tv_renamer.sh 
 1099  nano ../tv_renamer.sh 
 1100  ls
 1101  tv_renamer.sh 
 1102  cd ..
 1103  rm -rf example/
 1104  mkdir example
 1105  cd example/
 1106  ls
 1107  touch Chernobyl.S01E02.Please.Remain.Calm.2160p.DTS-HD.MA.5.1.DV.HEVC.REMUX-FraMeSToR.mkv
 1108  touch Chernobyl.S01E01.1.23.45.2160p.DTS-HD.MA.5.1.DV.HEVC.REMUX-FraMeSToR.mkv
 1109  touch Chernobyl.S01E03.Open.Wide.O.Earth.2160p.DTS-HD.MA.5.1.DV.HEVC.REMUX-FraMeSToR.mkv
 1110  touch Chernobyl.S01E04.The.Happiness.of.All.Mankind.2160p.DTS-HD.MA.5.1.DV.HEVC.REMUX-FraMeSToR.mkv
 1111  touch Chernobyl.S01E05.Vichnaya.Pamyat.2160p.DTS-HD.MA.5.1.DV.HEVC.REMUX-FraMeSToR.mkv
 1112  ls
 1113  tv_renamer.sh 
 1114  ls
 1115  nano ../tv_renamer.sh 
 1116  ls
 1117  mkdir hi
 1118  cd hi
 1119  tv_renamer.sh 
 1120  nano ../tv_renamer.sh 
 1121  nano ../../tv_renamer.sh 
 1122  tv_renamer.sh 
 1123  cd ..
 1124  ls
 1125  rm -rf hi
 1126  ls
 1127  cd ..
 1128  rm -rf example
 1129  ls
 1130  git status
 1131  git add .
 1132  git commit
 1133  ls
 1134  git status
 1135  git push
 1136  ls
 1137  nano tv_renamer.sh 
 1138  cat tv_renamer.sh 
 1139  cd ~
 1140  ls
 1141  ls -a
 1142  cd .local
 1143  ls
 1144  cd share
 1145  ls
 1146  cd nano
 1147  ls
 1148  ls -a
 1149  cd ..
 1150  ls
 1151  ls -a
 1152  cd ~
 1153  ls
 1154  cd cs131/
 1155  ls
 1156  cd a2
 1157  ls
 1158  nano tv_renamer.sh 
 1159  ls
 1160  cd cs131/
 1161  ls
 1162  cd a2
 1163  ls
 1164  nano tv_renamer.sh 
 1165  ls
 1166  mkdir example
 1167  cd example/
 1168  tv_renamer
 1169  tv_renamer.sh
 1170  cd ..
 1171  ls -a
 1172  nano .profile
 1173  cd cs131/
 1174  cd a2/
 1175  ls
 1176  cd example/
 1177  tv_renamer
 1178  tv_renamer.sh
 1179  man source
 1180  source ~/.profil
 1181  source ~/.profile
 1182  tv_renamer.sh 
 1183  cd ..
 1184  ls
 1185  nano tv_renamer.sh 
 1186  cd ..
 1187  cd ~
 1188  ls
 1189  cd ..
 1190  ls
 1191  cd jimmy_nguyen05/
 1192  ls -a
 1193  cd .local
 1194  ls
 1195  cd share
 1196  ls
 1197  cd tv_renamer/
 1198  ls
 1199  cat numOfRenamedFiles.txt 
 1200  rm numOfRenamedFiles.txt 
 1201  cd ..
 1202  ls
 1203  cd s
 1204  cd cs131/
 1205  ls
 1206  cd a2
 1207  ls
 1208  cat tv_renamer.sh.save 
 1209  ls
 1210  rm tv_renamer.sh.save 
 1211  ls
 1212  cd example/
 1213  ls
 1214  tv_renamer.sh 
 1215  touch Chernobyl.S01E02.Please.Remain.Calm.2160p.DTS-HD.MA.5.1.DV.HEVC.REMUX-FraMeSToR.mkv
 1216  touch Chernobyl.S01E01.1.23.45.2160p.DTS-HD.MA.5.1.DV.HEVC.REMUX-FraMeSToR.mkv
 1217  touch Chernobyl.S01E03.Open.Wide.O.Earth.2160p.DTS-HD.MA.5.1.DV.HEVC.REMUX-FraMeSToR.mkv
 1218  touch Chernobyl.S01E04.The.Happiness.of.All.Mankind.2160p.DTS-HD.MA.5.1.DV.HEVC.REMUX-FraMeSToR.mkv
 1219  touch Chernobyl.S01E05.Vichnaya.Pamyat.2160p.DTS-HD.MA.5.1.DV.HEVC.REMUX-FraMeSToR.mkv
 1220  ls
 1221  tv_renamer.sh 
 1222  cd ..
 1223  ls
 1224  tv_renamer.sh 
 1225  git status
 1226  git add tv_renamer.sh 
 1227  git status
 1228  git commit 
 1229  git push
 1230  ls
 1231  rm -rf example
 1232  ls
 1233  mkdir Andor
 1234  ls
 1235  rm Andor
 1236  rm -rf Andor
 1237  ls
 1238  mkdir exampleFiles
 1239  cd exampleFiles/
 1240  ls
 1241  mkdir Andor
 1242  cd Andor
 1243  ls
 1244  mkdir Season 1
 1245  ls
 1246  rm -rf 1
 1247  rm -rf Season
 1248  mkdir "Season 1"
 1249  ls
 1250  mkdir "Season 2"
 1251  ls
 1252  cd "Season 1"
 1253  ls
 1254  touch Andor.S01E01.Kassa.UHD.BluRay.2160p.TrueHD.Atmos.7.1.DV.HEVC.HYBRID.REMUX-FraMeSToR.mkv
 1255  touch Andor.S01E02.That.Would.Be.Me.UHD.BluRay.2160p.TrueHD.Atmos.7.1.DV.HEVC.HYBRID.REMUX-FraMeSToR.mkv
 1256  touch Andor.S01E03.Reckoning.UHD.BluRay.2160p.TrueHD.Atmos.7.1.DV.HEVC.HYBRID.REMUX-FraMeSToR.mkv
 1257  touch Andor.S01E04.Aldhani.UHD.BluRay.2160p.TrueHD.Atmos.7.1.DV.HEVC.HYBRID.REMUX-FraMeSToR.mkv
 1258  touch Andor.S01E05.The.Axe.Forgets.UHD.BluRay.2160p.TrueHD.Atmos.7.1.DV.HEVC.HYBRID.REMUX-FraMeSToR.mkv
 1259  touch Andor.S01E06.The.Eye.UHD.BluRay.2160p.TrueHD.Atmos.7.1.DV.HEVC.HYBRID.REMUX-FraMeSToR.mkv
 1260  touch Andor.S01E07.Announcement.UHD.BluRay.2160p.TrueHD.Atmos.7.1.DV.HEVC.HYBRID.REMUX-FraMeSToR.mkv
 1261  touch Andor.S01E08.Narkina.5.UHD.BluRay.2160p.TrueHD.Atmos.7.1.DV.HEVC.HYBRID.REMUX-FraMeSToR.mkv
 1262  touch Andor.S01E09.Nobody's.Listening.UHD.BluRay.2160p.TrueHD.Atmos.7.1.DV.HEVC.HYBRID.REMUX-FraMeSToR.mkv
 1263  touch Andor.S01E10.One.Way.Out.UHD.BluRay.2160p.TrueHD.Atmos.7.1.DV.HEVC.HYBRID.REMUX-FraMeSToR.mkv
 1264  ls
 1265  touch Andor.S01E09.Nobody's.Listening.UHD.BluRay.2160p.TrueHD.Atmos.7.1.DV.HEVC.HYBRID.REMUX-FraMeSToR.mkv
 1266  ls
 1267  ls
 1268  touch Andor.S01E09.Nobody's.Listening.UHD.BluRay.2160p.TrueHD.Atmos.7.1.DV.HEVC.HYBRID.REMUX-FraMeSToR.mkv
 1269  l
 1270  ls
 1271  ls
 1272  ls -l
 1273  nano Andor.S01E09.Nobody's.Listening.UHD.BluRay.2160p.TrueHD.Atmos.7.1.DV.HEVC.HYBRID.REMUX-FraMeSToR.mkv
 1274  ls
 1275  ls
 1276  cd cs131/
 1277  ls
 1278  cd a2/
 1279  ls
 1280  cd exampleFiles/
 1281  ls
 1282  cd and
 1283  cd Andor/
 1284  ls
 1285  cd Season\ 1/
 1286  ls
 1287  touch Andor.S01E09.Nobody's.Listening.UHD.BluRay.2160p.TrueHD.Atmos.7.1.DV.HEVC.HYBRID.REMUX-FraMeSToR.mkv
 1288  touch Andor.S01E09.Nobody's.Listening.UHD.BluRay.2160p.TrueHD.Atmos.7.1.DV.HEVC.HYBRID.REMUX-FraMeSToR.mkv
 1289  ls -l
 1290  rm Andor.S01E08.Narkina.5.UHD.BluRay.2160p.TrueHD.Atmos.7.1.DV.HEVC.HYBRID.REMUX-FraMeSToR.mkv 
 1291  ls
 1292  touch Andor.S01E09.Nobody's.Listening.UHD.BluRay.2160p.TrueHD.Atmos.7.1.DV.HEVC.HYBRID.REMUX-FraMeSToR.mkv
 1293  touch "Andor.S01E09.Nobody's.Listening.UHD.BluRay.2160p.TrueHD.Atmos.7.1.DV.HEVC.HYBRID.REMUX-FraMeSToR.mkv"
 1294  ls
 1295  touch Andor.S01E08.Narkina.5.UHD.BluRay.2160p.TrueHD.Atmos.7.1.DV.HEVC.HYBRID.REMUX-FraMeSToR.mkv
 1296  touch Andor.S01E10.One.Way.Out.UHD.BluRay.2160p.TrueHD.Atmos.7.1.DV.HEVC.HYBRID.REMUX-FraMeSToR.mkv
 1297  ls
 1298  Andor.S01E11.Daughter.of.Ferrix.UHD.BluRay.2160p.TrueHD.Atmos.7.1.DV.HEVC.HYBRID.REMUX-FraMeSToR.mkv
 1299  touch Andor.S01E11.Daughter.of.Ferrix.UHD.BluRay.2160p.TrueHD.Atmos.7.1.DV.HEVC.HYBRID.REMUX-FraMeSToR.mkv
 1300  ls
 1301  ls -l
 1302  touch Andor.S01E12.Rix.Road.UHD.BluRay.2160p.TrueHD.Atmos.7.1.DV.HEVC.HYBRID.REMUX-FraMeSToR.mkv
 1303  ls
 1304  rm "Andor.S01E09.Nobody's.Listening.UHD.BluRay.2160p.TrueHD.Atmos.7.1.DV.HEVC.HYBRID.REMUX-FraMeSToR.mkv" 
 1305  ls
 1306  touch Andor.S01E09.Nobody's.Listening.UHD.BluRay.2160p.TrueHD.Atmos.7.1.DV.HEVC.HYBRID.REMUX-FraMeSToR.mkv
 1307  ls
 1308  touch Andor.S01E09.Nobodys.Listening.UHD.BluRay.2160p.TrueHD.Atmos.7.1.DV.HEVC.HYBRID.REMUX-FraMeSToR.mkv
 1309  ls
 1310  cd ..
 1311  ls
 1312  cd Andor/
 1313  ls
 1314  cd Season\ 1/
 1315  ls
 1316  cd ..
 1317  ls
 1318  mkdir SomeRandomShow
 1319  ls
 1320  cd SomeRandomShow/
 1321  touch 1
 1322  rm 1
 1323  ls
 1324  touch 1.mp4
 1325  touch 2.mp4
 1326  touch 3.mp4
 1327  touch 4.mp4
 1328  ls
 1329  cd ..
 1330  ls
 1331  git status
 1332  git add .
 1333  git commit
 1334  git push
 1335  ls
 1336  cd a2
 1337  ls
 1338  cd exampleFiles/
 1339  ls
 1340  cd Andor
 1341  cd Season\ 1/
 1342  ls
 1343  tv_renamer.sh 
 1344  ls
 1345  ls -l
 1346  git reset --hard
 1347  ls
 1348  git add .
 1349  git reset --hard
 1350  ls
 1351  cd ..
 1352  ls
 1353  cd ..
 1354  ls
 1355  cd SomeRandomShow/
 1356  ls
 1357  cd ..
 1358  ls
 1359  rm -rf SomeRandomShow/
 1360  ls
 1361  mkdir SomeRandomShow
 1362  cd SomeRandomShow/
 1363  ls
 1364  touch A.mp4
 1365  touch B.mp4
 1366  touch C.mp4
 1367  touch D.mp4
 1368  ls
 1369  git add .
 1370  git status
 1371  git commit -m Renamed some example files for better comparison.
 1372  git commit -m "Renamed some example files for better comparison."
 1373  git push
 1374  ls
 1375  tv_renamer.sh 
 1376  ls
 1377  cd ..
 1378  nano tv_renamer.sh 
 1379  ls
 1380  nano tv_renamer.sh 
 1381  ls
 1382  cd exampleFiles/
 1383  ls
 1384  cd SomeRandomShow/
 1385  ls
 1386  tv_renamer.sh 
 1387  ls
 1388  git add .
 1389  git status
 1390  git commit -m "Added a QoF fix for the renamer."
 1391  git add .
 1392  git commit -m "Added a QoF fix for the renamer."
 1393  git commit -am "Added a QoF fix for the renamer."
 1394  ls
 1395  git push
 1396  ls
 1397  tv_renamer.sh 2
 1398  ls
 1399  git add .
 1400  git reset --hard
 1401  ls
 1402  ls -a
 1403  cd ..
 1404  ls
 1405  git reset --hard
 1406  cd SomeRandomShow/
 1407  ls
 1408  cd cs131/
 1409  ls
 1410  cd a2
 1411  ls
 1412  git pull
 1413  ls
 1414  cat README.md 
 1415  clear
 1416  ls
 1417  exam
 1418  clear
 1419  ls
 1420  cd exampleFiles/
 1421  ls
 1422  cd Andor
 1423  ls
 1424  cd "Season 1"
 1425  ls
 1426  tv_renamer.sh 
 1427  ls
 1428  ls -l
 1429  ls
 1430  git reset --hard
 1431  ls
 1432  git add .
 1433  git reset --hard
 1434  ls
 1435  cd ..
 1436  ls
 1437  cd ..
 1438  ls
 1439  cd ..
 1440  ls
 1441  clear
 1442  ls
 1443  cd exampleFiles/
 1444  ls
 1445  cd Andor
 1446  ls
 1447  cd "Season 1"
 1448  l
 1449  ls -l
 1450  tv_renamer.sh 
 1451  ls -l
 1452  git add .
 1453  git reset --hard
 1454  ls
 1455  cd cs131
 1456  ls
 1457  cd a2
 1458  ls
 1459  cd ..
 1460  mkdir example
 1461  ls
 1462  cd example
 1463  nano test.sh
 1464  ls
 1465  clear
 1466  ls
 1467  cd cs131/
 1468  ls
 1469  cd ws56
 1470  ls
 1471  cat cmnd.log 
 1472  ls
 1473  awk -F, '$17 >= 10 {tip_amount[$14]++} END {for (tip in tip_amount) print tip, tip_amount[tip]}' 2019-01-h1.csv >> ws56.txt 
 1474  more ws56.txt 
 1475  history >> cmnd.log 
